<?xml version="1.0" encoding="UTF-8"?>
<!-- Generated by org.testng.reporters.JUnitXMLReporter -->
<testsuite hostname="KI-LAPTOP174" ignored="0" name="Test" tests="3" failures="0" timestamp="09 Aug 2022 14:45:39 GMT" time="38.898" errors="0">
  <testcase name="formSubmission" time="7.462" classname="tests.submitformsTest"/>
  <testcase name="formSubmission" time="6.907" classname="tests.submitformsTest"/>
  <testcase name="placeOrderTest" time="14.843" classname="tests.PlaceOrderTest"/>
</testsuite> <!-- Test -->
